<?xml version="1.0" encoding="UTF-8" ?>
<testsuite failures="0" time="0.335" errors="0" skipped="0" tests="1" name="TestSuite">
  <properties>
    <property name="java.runtime.name" value="Java(TM) SE Runtime Environment"/>
    <property name="sun.boot.library.path" value="/usr/lib/jvm/java-6-sun-1.6.0.24/jre/lib/amd64"/>
    <property name="java.vm.version" value="19.1-b02"/>
    <property name="java.vm.vendor" value="Sun Microsystems Inc."/>
    <property name="java.vendor.url" value="http://java.sun.com/"/>
    <property name="path.separator" value=":"/>
    <property name="java.vm.name" value="Java HotSpot(TM) 64-Bit Server VM"/>
    <property name="file.encoding.pkg" value="sun.io"/>
    <property name="user.country" value="BR"/>
    <property name="sun.java.launcher" value="SUN_STANDARD"/>
    <property name="sun.os.patch.level" value="unknown"/>
    <property name="java.vm.specification.name" value="Java Virtual Machine Specification"/>
    <property name="user.dir" value="/home/nyxx13/Fatec/IniciacaoCientifica/NutricaoFuzzy"/>
    <property name="java.runtime.version" value="1.6.0_24-b07"/>
    <property name="java.awt.graphicsenv" value="sun.awt.X11GraphicsEnvironment"/>
    <property name="basedir" value="/home/nyxx13/Fatec/IniciacaoCientifica/NutricaoFuzzy"/>
    <property name="java.endorsed.dirs" value="/usr/lib/jvm/java-6-sun-1.6.0.24/jre/lib/endorsed"/>
    <property name="os.arch" value="amd64"/>
    <property name="surefire.real.class.path" value="/tmp/surefirebooter2045559148695355229.jar"/>
    <property name="java.io.tmpdir" value="/tmp"/>
    <property name="line.separator" value="
"/>
    <property name="java.vm.specification.vendor" value="Sun Microsystems Inc."/>
    <property name="os.name" value="Linux"/>
    <property name="sun.jnu.encoding" value="UTF-8"/>
    <property name="java.library.path" value="/usr/lib/jvm/java-6-sun-1.6.0.24/jre/lib/amd64/server:/usr/lib/jvm/java-6-sun-1.6.0.24/jre/lib/amd64:/usr/lib/jvm/java-6-sun-1.6.0.24/jre/../lib/amd64:/usr/java/packages/lib/amd64:/usr/lib64:/lib64:/lib:/usr/lib"/>
    <property name="surefire.test.class.path" value="/home/nyxx13/Fatec/IniciacaoCientifica/NutricaoFuzzy/target/test-classes:/home/nyxx13/Fatec/IniciacaoCientifica/NutricaoFuzzy/target/classes:/home/nyxx13/.m2/repository/junit/junit/4.8.1/junit-4.8.1.jar:/home/nyxx13/.m2/repository/org/primefaces/primefaces/2.2.M1/primefaces-2.2.M1.jar:/home/nyxx13/.m2/repository/javax/enterprise/cdi-api/1.0/cdi-api-1.0.jar:/home/nyxx13/.m2/repository/org/jboss/interceptor/jboss-interceptor-api/1.1/jboss-interceptor-api-1.1.jar:/home/nyxx13/.m2/repository/javax/annotation/jsr250-api/1.0/jsr250-api-1.0.jar:/home/nyxx13/.m2/repository/javax/inject/javax.inject/1/javax.inject-1.jar:/home/nyxx13/.m2/repository/org/jboss/ejb3/jboss-ejb3-api/3.1.0/jboss-ejb3-api-3.1.0.jar:/home/nyxx13/.m2/repository/javax/validation/validation-api/1.0.0.GA/validation-api-1.0.0.GA.jar:/home/nyxx13/.m2/repository/org/hibernate/hibernate-validator/4.0.0.GA/hibernate-validator-4.0.0.GA.jar:/home/nyxx13/.m2/repository/org/slf4j/slf4j-api/1.5.9.RC1/slf4j-api-1.5.9.RC1.jar:/home/nyxx13/.m2/repository/javax/xml/bind/jaxb-api/2.1/jaxb-api-2.1.jar:/home/nyxx13/.m2/repository/javax/xml/stream/stax-api/1.0-2/stax-api-1.0-2.jar:/home/nyxx13/.m2/repository/javax/activation/activation/1.1/activation-1.1.jar:/home/nyxx13/.m2/repository/com/sun/xml/bind/jaxb-impl/2.1.3/jaxb-impl-2.1.3.jar:/home/nyxx13/.m2/repository/javax/faces/jsf-api/2.0.0-RC/jsf-api-2.0.0-RC.jar:/home/nyxx13/.m2/repository/javax/persistence/persistence-api/1.0/persistence-api-1.0.jar:/home/nyxx13/.m2/repository/org/testng/testng/5.10/testng-5.10-jdk15.jar:/home/nyxx13/.m2/repository/org/glassfish/web/el-impl/2.1.2-b04/el-impl-2.1.2-b04.jar:"/>
    <property name="java.specification.name" value="Java Platform API Specification"/>
    <property name="java.class.version" value="50.0"/>
    <property name="sun.management.compiler" value="HotSpot 64-Bit Server Compiler"/>
    <property name="os.version" value="2.6.35-28-generic"/>
    <property name="user.home" value="/home/nyxx13"/>
    <property name="user.timezone" value="America/Sao_Paulo"/>
    <property name="java.awt.printerjob" value="sun.print.PSPrinterJob"/>
    <property name="file.encoding" value="UTF-8"/>
    <property name="java.specification.version" value="1.6"/>
    <property name="user.name" value="nyxx13"/>
    <property name="java.class.path" value="/home/nyxx13/Fatec/IniciacaoCientifica/NutricaoFuzzy/target/test-classes:/home/nyxx13/Fatec/IniciacaoCientifica/NutricaoFuzzy/target/classes:/home/nyxx13/.m2/repository/junit/junit/4.8.1/junit-4.8.1.jar:/home/nyxx13/.m2/repository/org/primefaces/primefaces/2.2.M1/primefaces-2.2.M1.jar:/home/nyxx13/.m2/repository/javax/enterprise/cdi-api/1.0/cdi-api-1.0.jar:/home/nyxx13/.m2/repository/org/jboss/interceptor/jboss-interceptor-api/1.1/jboss-interceptor-api-1.1.jar:/home/nyxx13/.m2/repository/javax/annotation/jsr250-api/1.0/jsr250-api-1.0.jar:/home/nyxx13/.m2/repository/javax/inject/javax.inject/1/javax.inject-1.jar:/home/nyxx13/.m2/repository/org/jboss/ejb3/jboss-ejb3-api/3.1.0/jboss-ejb3-api-3.1.0.jar:/home/nyxx13/.m2/repository/javax/validation/validation-api/1.0.0.GA/validation-api-1.0.0.GA.jar:/home/nyxx13/.m2/repository/org/hibernate/hibernate-validator/4.0.0.GA/hibernate-validator-4.0.0.GA.jar:/home/nyxx13/.m2/repository/org/slf4j/slf4j-api/1.5.9.RC1/slf4j-api-1.5.9.RC1.jar:/home/nyxx13/.m2/repository/javax/xml/bind/jaxb-api/2.1/jaxb-api-2.1.jar:/home/nyxx13/.m2/repository/javax/xml/stream/stax-api/1.0-2/stax-api-1.0-2.jar:/home/nyxx13/.m2/repository/javax/activation/activation/1.1/activation-1.1.jar:/home/nyxx13/.m2/repository/com/sun/xml/bind/jaxb-impl/2.1.3/jaxb-impl-2.1.3.jar:/home/nyxx13/.m2/repository/javax/faces/jsf-api/2.0.0-RC/jsf-api-2.0.0-RC.jar:/home/nyxx13/.m2/repository/javax/persistence/persistence-api/1.0/persistence-api-1.0.jar:/home/nyxx13/.m2/repository/org/testng/testng/5.10/testng-5.10-jdk15.jar:/home/nyxx13/.m2/repository/org/glassfish/web/el-impl/2.1.2-b04/el-impl-2.1.2-b04.jar:"/>
    <property name="java.vm.specification.version" value="1.0"/>
    <property name="sun.arch.data.model" value="64"/>
    <property name="java.home" value="/usr/lib/jvm/java-6-sun-1.6.0.24/jre"/>
    <property name="java.specification.vendor" value="Sun Microsystems Inc."/>
    <property name="user.language" value="pt"/>
    <property name="java.vm.info" value="mixed mode"/>
    <property name="java.version" value="1.6.0_24"/>
    <property name="java.ext.dirs" value="/usr/lib/jvm/java-6-sun-1.6.0.24/jre/lib/ext:/usr/java/packages/lib/ext"/>
    <property name="sun.boot.class.path" value="/usr/lib/jvm/java-6-sun-1.6.0.24/jre/lib/resources.jar:/usr/lib/jvm/java-6-sun-1.6.0.24/jre/lib/rt.jar:/usr/lib/jvm/java-6-sun-1.6.0.24/jre/lib/sunrsasign.jar:/usr/lib/jvm/java-6-sun-1.6.0.24/jre/lib/jsse.jar:/usr/lib/jvm/java-6-sun-1.6.0.24/jre/lib/jce.jar:/usr/lib/jvm/java-6-sun-1.6.0.24/jre/lib/charsets.jar:/usr/lib/jvm/java-6-sun-1.6.0.24/jre/lib/modules/jdk.boot.jar:/usr/lib/jvm/java-6-sun-1.6.0.24/jre/classes"/>
    <property name="java.vendor" value="Sun Microsystems Inc."/>
    <property name="localRepository" value="/home/nyxx13/.m2/repository"/>
    <property name="file.separator" value="/"/>
    <property name="java.vendor.url.bug" value="http://java.sun.com/cgi-bin/bugreport.cgi"/>
    <property name="sun.cpu.endian" value="little"/>
    <property name="sun.io.unicode.encoding" value="UnicodeLittle"/>
    <property name="sun.desktop" value="gnome"/>
    <property name="sun.cpu.isalist" value=""/>
  </properties>
  <testcase time="0.006" classname="br.edu.fateccarapicuiba.HelloWorldTest" name="testGetText"/>
</testsuite>